Сборка начата 05.10.2016 23:13:48.
     1>Проект "E:\Ждан Вова\БГУИР\3 курс\5 семестр\ОСиСП\Лабораторные работы\1-я лаба Mini-Paint\OSiSP_MiniPaint\MiniPaint\MiniPaint\MiniPaint.vcxproj" в узле 2 (целевые объекты Build).
     1>ClCompile:
         E:\Program Files (x86)\Microsoft Visual Studio 12.0\VC\bin\CL.exe /c /Zi /nologo /W3 /WX- /sdl /O2 /Oi /Oy- /GL /D WIN32 /D NDEBUG /D _WINDOWS /D _UNICODE /D UNICODE /Gm- /EHsc /MD /GS /Gy /fp:precise /Zc:wchar_t /Zc:forScope /Yu"stdafx.h" /Fp"Release\MiniPaint.pch" /Fo"Release\\" /Fd"Release\vc120.pdb" /Gd /TP /analyze- /errorReport:prompt FileLogic.cpp
         FileLogic.cpp
       Link:
         E:\Program Files (x86)\Microsoft Visual Studio 12.0\VC\bin\link.exe /ERRORREPORT:PROMPT /OUT:"E:\Ждан Вова\БГУИР\3 курс\5 семестр\ОСиСП\Лабораторные работы\1-я лаба Mini-Paint\OSiSP_MiniPaint\MiniPaint\Release\MiniPaint.exe" /INCREMENTAL:NO /NOLOGO kernel32.lib user32.lib gdi32.lib winspool.lib comdlg32.lib advapi32.lib shell32.lib ole32.lib oleaut32.lib uuid.lib odbc32.lib odbccp32.lib /MANIFEST /MANIFESTUAC:"level='asInvoker' uiAccess='false'" /manifest:embed /DEBUG /PDB:"E:\Ждан Вова\БГУИР\3 курс\5 семестр\ОСиСП\Лабораторные работы\1-я лаба Mini-Paint\OSiSP_MiniPaint\MiniPaint\Release\MiniPaint.pdb" /SUBSYSTEM:WINDOWS /OPT:REF /OPT:ICF /LTCG /TLBID:1 /DYNAMICBASE /NXCOMPAT /IMPLIB:"E:\Ждан Вова\БГУИР\3 курс\5 семестр\ОСиСП\Лабораторные работы\1-я лаба Mini-Paint\OSiSP_MiniPaint\MiniPaint\Release\MiniPaint.lib" /MACHINE:X86 /SAFESEH Release\MiniPaint.res
         Release\DrawingShapes.obj
         Release\Ellipse.obj
         Release\FabricsBase.obj
         Release\Factory.obj
         Release\FileLogic.obj
         Release\Line.obj
         Release\MiniPaint.obj
         Release\Pencil.obj
         Release\Polygon.obj
         Release\PolygonalLine.obj
         Release\Rectangle.obj
         Release\DrawObject.obj
         Release\stdafx.obj
         Release\Text.obj
         Создание кода
         Создание кода завершено
         MiniPaint.vcxproj -> E:\Ждан Вова\БГУИР\3 курс\5 семестр\ОСиСП\Лабораторные работы\1-я лаба Mini-Paint\OSiSP_MiniPaint\MiniPaint\Release\MiniPaint.exe
     1>Сборка проекта "E:\Ждан Вова\БГУИР\3 курс\5 семестр\ОСиСП\Лабораторные работы\1-я лаба Mini-Paint\OSiSP_MiniPaint\MiniPaint\MiniPaint\MiniPaint.vcxproj" завершена (целевые объекты Build).

Сборка успешно завершена.

Затраченное время: 00:00:04.61
